0 verbose cli /snap/node/6905/bin/node /usr/local/bin/npm
1 info using npm@9.1.3
2 info using node@v18.12.1
3 timing npm:load:whichnode Completed in 0ms
4 timing config:load:defaults Completed in 1ms
5 timing config:load:file:/usr/local/lib/node_modules/npm/npmrc Completed in 0ms
6 timing config:load:builtin Completed in 0ms
7 timing config:load:cli Completed in 2ms
8 timing config:load:env Completed in 0ms
9 timing config:load:file:/home/artur/repos/vanilla/.npmrc Completed in 0ms
10 timing config:load:project Completed in 2ms
11 timing config:load:file:/home/artur/.npmrc Completed in 0ms
12 timing config:load:user Completed in 0ms
13 timing config:load:file:/snap/node/6905/etc/npmrc Completed in 2ms
14 timing config:load:global Completed in 2ms
15 timing config:load:setEnvs Completed in 1ms
16 timing config:load Completed in 8ms
17 timing npm:load:configload Completed in 8ms
18 timing npm:load:mkdirpcache Completed in 2ms
19 timing npm:load:mkdirplogs Completed in 1ms
20 verbose title npm install @vanilla-extract/next-plugin
21 verbose argv "install" "@vanilla-extract/next-plugin"
22 timing npm:load:setTitle Completed in 1ms
23 timing config:load:flatten Completed in 2ms
24 timing npm:load:display Completed in 2ms
25 verbose logfile logs-max:10 dir:/home/artur/.npm/_logs/2022-12-30T12_49_22_369Z-
26 verbose logfile /home/artur/.npm/_logs/2022-12-30T12_49_22_369Z-debug-0.log
27 timing npm:load:logFile Completed in 4ms
28 timing npm:load:timers Completed in 0ms
29 timing npm:load:configScope Completed in 0ms
30 timing npm:load Completed in 19ms
31 silly logfile start cleaning logs, removing 1 files
32 timing config:load:flatten Completed in 1ms
33 timing arborist:ctor Completed in 1ms
34 silly logfile done cleaning log files
35 timing arborist:ctor Completed in 0ms
36 verbose shrinkwrap failed to load node_modules/.package-lock.json out of date, updated: node_modules
37 verbose shrinkwrap failed to load node_modules/.package-lock.json out of date, updated: node_modules
38 timing idealTree:init Completed in 41ms
39 timing idealTree:userRequests Completed in 1ms
40 silly idealTree buildDeps
41 silly fetch manifest @vanilla-extract/next-plugin@*
42 http fetch GET 200 https://registry.npmjs.org/@vanilla-extract%2fnext-plugin 17ms (cache hit)
43 silly fetch manifest next@>=12.0.5
44 http fetch GET 200 https://registry.npmjs.org/next 22ms (cache hit)
45 silly fetch manifest fibers@>= 3.1.0
46 http fetch GET 200 https://registry.npmjs.org/fibers 7ms (cache hit)
47 silly fetch manifest node-sass@^6.0.0 || ^7.0.0
48 http fetch GET 200 https://registry.npmjs.org/node-sass 13ms (cache hit)
49 silly fetch manifest react@^18.2.0
50 http fetch GET 200 https://registry.npmjs.org/react 6ms (cache hit)
51 silly fetch manifest react-dom@^18.2.0
52 http fetch GET 200 https://registry.npmjs.org/react-dom 5ms (cache hit)
53 silly fetch manifest sass@^1.3.0
54 http fetch GET 200 https://registry.npmjs.org/sass 4ms (cache hit)
55 silly placeDep ROOT @vanilla-extract/next-plugin@2.1.1 OK for: vanilla-repro@1.0.0 want: *
56 silly placeDep ROOT next@13.1.1 OK for: @vanilla-extract/next-plugin@2.1.1 want: >=12.0.5
57 silly placeDep ROOT react@18.2.0 OK for: next@13.1.1 want: ^18.2.0
58 silly placeDep ROOT react-dom@18.2.0 OK for: next@13.1.1 want: ^18.2.0
59 silly fetch manifest @vanilla-extract/webpack-plugin@^2.2.0
60 silly fetch manifest browserslist@^4.19.1
61 silly fetch manifest @next/env@13.1.1
62 silly fetch manifest @swc/helpers@0.4.14
63 silly fetch manifest caniuse-lite@^1.0.30001406
64 silly fetch manifest postcss@8.4.14
65 silly fetch manifest styled-jsx@5.1.1
66 silly fetch manifest @next/swc-android-arm-eabi@13.1.1
67 silly fetch manifest @next/swc-android-arm64@13.1.1
68 silly fetch manifest @next/swc-darwin-arm64@13.1.1
69 silly fetch manifest @next/swc-darwin-x64@13.1.1
70 silly fetch manifest @next/swc-freebsd-x64@13.1.1
71 silly fetch manifest @next/swc-linux-arm-gnueabihf@13.1.1
72 silly fetch manifest @next/swc-linux-arm64-gnu@13.1.1
73 silly fetch manifest @next/swc-linux-arm64-musl@13.1.1
74 silly fetch manifest @next/swc-linux-x64-gnu@13.1.1
75 silly fetch manifest @next/swc-linux-x64-musl@13.1.1
76 silly fetch manifest @next/swc-win32-arm64-msvc@13.1.1
77 silly fetch manifest @next/swc-win32-ia32-msvc@13.1.1
78 silly fetch manifest @next/swc-win32-x64-msvc@13.1.1
79 silly fetch manifest loose-envify@^1.1.0
80 silly fetch manifest scheduler@^0.23.0
81 http fetch GET 200 https://registry.npmjs.org/@vanilla-extract%2fwebpack-plugin 40ms (cache hit)
82 http fetch GET 200 https://registry.npmjs.org/browserslist 41ms (cache hit)
83 http fetch GET 200 https://registry.npmjs.org/caniuse-lite 42ms (cache hit)
84 http fetch GET 200 https://registry.npmjs.org/styled-jsx 46ms (cache hit)
85 http fetch GET 200 https://registry.npmjs.org/@next%2fswc-android-arm64 49ms (cache hit)
86 http fetch GET 200 https://registry.npmjs.org/@swc%2fhelpers 55ms (cache hit)
87 http fetch GET 200 https://registry.npmjs.org/postcss 56ms (cache hit)
88 http fetch GET 200 https://registry.npmjs.org/@next%2fswc-darwin-x64 58ms (cache hit)
89 http fetch GET 200 https://registry.npmjs.org/@next%2fswc-freebsd-x64 62ms (cache hit)
90 http fetch GET 200 https://registry.npmjs.org/@next%2fenv 69ms (cache hit)
91 http fetch GET 200 https://registry.npmjs.org/@next%2fswc-linux-arm-gnueabihf 77ms (cache hit)
92 http fetch GET 200 https://registry.npmjs.org/@next%2fswc-android-arm-eabi 82ms (cache hit)
93 http fetch GET 200 https://registry.npmjs.org/@next%2fswc-linux-x64-gnu 81ms (cache hit)
94 http fetch GET 200 https://registry.npmjs.org/@next%2fswc-linux-arm64-musl 85ms (cache hit)
95 http fetch GET 200 https://registry.npmjs.org/@next%2fswc-linux-arm64-gnu 89ms (cache hit)
96 http fetch GET 200 https://registry.npmjs.org/@next%2fswc-darwin-arm64 94ms (cache hit)
97 http fetch GET 200 https://registry.npmjs.org/@next%2fswc-win32-arm64-msvc 94ms (cache hit)
98 http fetch GET 200 https://registry.npmjs.org/@next%2fswc-win32-x64-msvc 96ms (cache hit)
99 http fetch GET 200 https://registry.npmjs.org/loose-envify 98ms (cache hit)
100 http fetch GET 200 https://registry.npmjs.org/@next%2fswc-win32-ia32-msvc 101ms (cache hit)
101 http fetch GET 200 https://registry.npmjs.org/@next%2fswc-linux-x64-musl 106ms (cache hit)
102 http fetch GET 200 https://registry.npmjs.org/scheduler 115ms (cache hit)
103 timing idealTree:#root Completed in 328ms
104 silly fetch manifest webpack@^4.30.0 || ^5.20.2
105 http fetch GET 200 https://registry.npmjs.org/webpack 7ms (cache hit)
106 silly placeDep ROOT @vanilla-extract/webpack-plugin@2.2.0 OK for: @vanilla-extract/next-plugin@2.1.1 want: ^2.2.0
107 silly placeDep ROOT webpack@5.75.0 OK for: @vanilla-extract/webpack-plugin@2.2.0 want: ^4.30.0 || ^5.20.2
108 silly placeDep ROOT browserslist@4.21.4 OK for: @vanilla-extract/next-plugin@2.1.1 want: ^4.19.1
109 silly fetch manifest @vanilla-extract/integration@^6.0.0
110 silly fetch manifest debug@^4.3.1
111 silly fetch manifest loader-utils@^2.0.0
112 silly fetch manifest @types/eslint-scope@^3.7.3
113 silly fetch manifest @types/estree@^0.0.51
114 silly fetch manifest @webassemblyjs/ast@1.11.1
115 silly fetch manifest @webassemblyjs/wasm-edit@1.11.1
116 silly fetch manifest @webassemblyjs/wasm-parser@1.11.1
117 silly fetch manifest acorn@^8.7.1
118 silly fetch manifest acorn-import-assertions@^1.7.6
119 silly fetch manifest chrome-trace-event@^1.0.2
120 silly fetch manifest enhanced-resolve@^5.10.0
121 silly fetch manifest es-module-lexer@^0.9.0
122 silly fetch manifest eslint-scope@5.1.1
123 silly fetch manifest events@^3.2.0
124 silly fetch manifest glob-to-regexp@^0.4.1
125 silly fetch manifest graceful-fs@^4.2.9
126 silly fetch manifest json-parse-even-better-errors@^2.3.1
127 silly fetch manifest loader-runner@^4.2.0
128 silly fetch manifest mime-types@^2.1.27
129 silly fetch manifest neo-async@^2.6.2
130 silly fetch manifest schema-utils@^3.1.0
131 silly fetch manifest tapable@^2.1.1
132 silly fetch manifest terser-webpack-plugin@^5.1.3
133 silly fetch manifest watchpack@^2.4.0
134 silly fetch manifest webpack-sources@^3.2.3
135 silly fetch manifest caniuse-lite@^1.0.30001400
136 silly fetch manifest electron-to-chromium@^1.4.251
137 silly fetch manifest node-releases@^2.0.6
138 silly fetch manifest update-browserslist-db@^1.0.9
139 http fetch GET 200 https://registry.npmjs.org/debug 62ms (cache hit)
140 http fetch GET 200 https://registry.npmjs.org/@types%2festree 62ms (cache hit)
141 http fetch GET 200 https://registry.npmjs.org/@types%2feslint-scope 62ms (cache hit)
142 http fetch GET 200 https://registry.npmjs.org/loader-utils 64ms (cache hit)
143 http fetch GET 200 https://registry.npmjs.org/@webassemblyjs%2fwasm-edit 63ms (cache hit)
144 http fetch GET 200 https://registry.npmjs.org/acorn-import-assertions 57ms (cache hit)
145 http fetch GET 200 https://registry.npmjs.org/@webassemblyjs%2fwasm-parser 64ms (cache hit)
146 http fetch GET 200 https://registry.npmjs.org/@vanilla-extract%2fintegration 69ms (cache hit)
147 http fetch GET 200 https://registry.npmjs.org/enhanced-resolve 59ms (cache hit)
148 http fetch GET 200 https://registry.npmjs.org/chrome-trace-event 61ms (cache hit)
149 http fetch GET 200 https://registry.npmjs.org/events 58ms (cache hit)
150 http fetch GET 200 https://registry.npmjs.org/@webassemblyjs%2fast 69ms (cache hit)
151 http fetch GET 200 https://registry.npmjs.org/eslint-scope 60ms (cache hit)
152 http fetch GET 200 https://registry.npmjs.org/glob-to-regexp 60ms (cache hit)
153 http fetch GET 200 https://registry.npmjs.org/acorn 64ms (cache hit)
154 http fetch GET 200 https://registry.npmjs.org/json-parse-even-better-errors 60ms (cache hit)
155 http fetch GET 200 https://registry.npmjs.org/graceful-fs 61ms (cache hit)
156 http fetch GET 200 https://registry.npmjs.org/es-module-lexer 64ms (cache hit)
157 http fetch GET 200 https://registry.npmjs.org/mime-types 61ms (cache hit)
158 http fetch GET 200 https://registry.npmjs.org/loader-runner 62ms (cache hit)
159 http fetch GET 200 https://registry.npmjs.org/neo-async 61ms (cache hit)
160 http fetch GET 200 https://registry.npmjs.org/tapable 61ms (cache hit)
161 http fetch GET 200 https://registry.npmjs.org/schema-utils 63ms (cache hit)
162 http fetch GET 200 https://registry.npmjs.org/terser-webpack-plugin 63ms (cache hit)
163 http fetch GET 200 https://registry.npmjs.org/webpack-sources 64ms (cache hit)
164 http fetch GET 200 https://registry.npmjs.org/watchpack 64ms (cache hit)
165 http fetch GET 200 https://registry.npmjs.org/electron-to-chromium 67ms (cache hit)
166 http fetch GET 200 https://registry.npmjs.org/node-releases 72ms (cache hit)
167 http fetch GET 200 https://registry.npmjs.org/update-browserslist-db 73ms (cache hit)
168 timing idealTree:node_modules/@vanilla-extract/next-plugin Completed in 122ms
169 silly placeDep ROOT @vanilla-extract/integration@6.0.1 OK for: @vanilla-extract/webpack-plugin@2.2.0 want: ^6.0.0
170 silly placeDep ROOT debug@4.3.4 OK for: @vanilla-extract/webpack-plugin@2.2.0 want: ^4.3.1
171 silly placeDep ROOT loader-utils@2.0.4 OK for: @vanilla-extract/webpack-plugin@2.2.0 want: ^2.0.0
172 silly fetch manifest @babel/core@^7.13.10
173 silly fetch manifest @babel/plugin-syntax-typescript@^7.18.6
174 silly fetch manifest @vanilla-extract/babel-plugin-debug-ids@^1.0.0
175 silly fetch manifest esbuild@^0.11.16
176 silly fetch manifest eval@0.1.6
177 silly fetch manifest find-up@^5.0.0
178 silly fetch manifest javascript-stringify@^2.0.1
179 silly fetch manifest lodash@^4.17.21
180 silly fetch manifest ms@2.1.2
181 silly fetch manifest big.js@^5.2.2
182 silly fetch manifest emojis-list@^3.0.0
183 silly fetch manifest json5@^2.1.2
184 http fetch GET 200 https://registry.npmjs.org/@vanilla-extract%2fbabel-plugin-debug-ids 27ms (cache hit)
185 http fetch GET 200 https://registry.npmjs.org/eval 27ms (cache hit)
186 http fetch GET 200 https://registry.npmjs.org/@babel%2fcore 30ms (cache hit)
187 http fetch GET 200 https://registry.npmjs.org/@babel%2fplugin-syntax-typescript 30ms (cache hit)
188 http fetch GET 200 https://registry.npmjs.org/emojis-list 23ms (cache hit)
189 http fetch GET 200 https://registry.npmjs.org/ms 24ms (cache hit)
190 http fetch GET 200 https://registry.npmjs.org/find-up 30ms (cache hit)
191 http fetch GET 200 https://registry.npmjs.org/javascript-stringify 30ms (cache hit)
192 http fetch GET 200 https://registry.npmjs.org/json5 23ms (cache hit)
193 http fetch GET 200 https://registry.npmjs.org/lodash 26ms (cache hit)
194 http fetch GET 200 https://registry.npmjs.org/big.js 30ms (cache hit)
195 http fetch GET 200 https://registry.npmjs.org/esbuild 39ms (cache hit)
196 timing idealTree:node_modules/@vanilla-extract/webpack-plugin Completed in 49ms
197 silly placeDep ROOT @babel/core@7.20.7 OK for: @vanilla-extract/integration@6.0.1 want: ^7.13.10
198 silly placeDep ROOT @babel/plugin-syntax-typescript@7.20.0 OK for: @vanilla-extract/integration@6.0.1 want: ^7.18.6
199 silly placeDep ROOT @vanilla-extract/babel-plugin-debug-ids@1.0.0 OK for: @vanilla-extract/integration@6.0.1 want: ^1.0.0
200 silly placeDep ROOT esbuild@0.11.23 OK for: @vanilla-extract/integration@6.0.1 want: ^0.11.16
201 silly placeDep ROOT eval@0.1.6 OK for: @vanilla-extract/integration@6.0.1 want: 0.1.6
202 silly placeDep ROOT find-up@5.0.0 OK for: @vanilla-extract/integration@6.0.1 want: ^5.0.0
203 silly placeDep ROOT javascript-stringify@2.1.0 OK for: @vanilla-extract/integration@6.0.1 want: ^2.0.1
204 silly placeDep ROOT lodash@4.17.21 OK for: @vanilla-extract/integration@6.0.1 want: ^4.17.21
205 silly fetch manifest @ampproject/remapping@^2.1.0
206 silly fetch manifest @babel/code-frame@^7.18.6
207 silly fetch manifest @babel/generator@^7.20.7
208 silly fetch manifest @babel/helper-compilation-targets@^7.20.7
209 silly fetch manifest @babel/helper-module-transforms@^7.20.7
210 silly fetch manifest @babel/helpers@^7.20.7
211 silly fetch manifest @babel/parser@^7.20.7
212 silly fetch manifest @babel/template@^7.20.7
213 silly fetch manifest @babel/traverse@^7.20.7
214 silly fetch manifest @babel/types@^7.20.7
215 silly fetch manifest convert-source-map@^1.7.0
216 silly fetch manifest gensync@^1.0.0-beta.2
217 silly fetch manifest json5@^2.2.1
218 silly fetch manifest semver@^6.3.0
219 silly fetch manifest @babel/helper-plugin-utils@^7.19.0
220 silly fetch manifest require-like@>= 0.1.1
221 silly fetch manifest locate-path@^6.0.0
222 silly fetch manifest path-exists@^4.0.0
223 http fetch GET 200 https://registry.npmjs.org/@babel%2fhelpers 33ms (cache hit)
224 http fetch GET 200 https://registry.npmjs.org/@babel%2fhelper-compilation-targets 36ms (cache hit)
225 http fetch GET 200 https://registry.npmjs.org/@ampproject%2fremapping 38ms (cache hit)
226 http fetch GET 200 https://registry.npmjs.org/@babel%2ftraverse 35ms (cache hit)
227 http fetch GET 200 https://registry.npmjs.org/@babel%2fgenerator 40ms (cache hit)
228 http fetch GET 200 https://registry.npmjs.org/@babel%2ftemplate 40ms (cache hit)
229 http fetch GET 200 https://registry.npmjs.org/gensync 38ms (cache hit)
230 http fetch GET 200 https://registry.npmjs.org/@babel%2fhelper-module-transforms 43ms (cache hit)
231 http fetch GET 200 https://registry.npmjs.org/@babel%2fparser 43ms (cache hit)
232 http fetch GET 200 https://registry.npmjs.org/@babel%2fcode-frame 47ms (cache hit)
233 http fetch GET 200 https://registry.npmjs.org/convert-source-map 43ms (cache hit)
234 http fetch GET 200 https://registry.npmjs.org/@babel%2ftypes 46ms (cache hit)
235 http fetch GET 200 https://registry.npmjs.org/semver 44ms (cache hit)
236 http fetch GET 200 https://registry.npmjs.org/path-exists 44ms (cache hit)
237 http fetch GET 200 https://registry.npmjs.org/require-like 45ms (cache hit)
238 http fetch GET 200 https://registry.npmjs.org/locate-path 45ms (cache hit)
239 http fetch GET 200 https://registry.npmjs.org/@babel%2fhelper-plugin-utils 51ms (cache hit)
240 timing idealTree:node_modules/@vanilla-extract/integration Completed in 66ms
241 silly fetch manifest @babel/core@^7.0.0
242 silly placeDep ROOT @ampproject/remapping@2.2.0 OK for: @babel/core@7.20.7 want: ^2.1.0
243 silly placeDep ROOT @babel/code-frame@7.18.6 OK for: @babel/core@7.20.7 want: ^7.18.6
244 silly placeDep ROOT @babel/generator@7.20.7 OK for: @babel/core@7.20.7 want: ^7.20.7
245 silly placeDep ROOT @babel/helper-compilation-targets@7.20.7 OK for: @babel/core@7.20.7 want: ^7.20.7
246 silly placeDep ROOT @babel/helper-module-transforms@7.20.11 OK for: @babel/core@7.20.7 want: ^7.20.7
247 silly placeDep ROOT @babel/helpers@7.20.7 OK for: @babel/core@7.20.7 want: ^7.20.7
248 silly placeDep ROOT @babel/parser@7.20.7 OK for: @babel/core@7.20.7 want: ^7.20.7
249 silly placeDep ROOT @babel/template@7.20.7 OK for: @babel/core@7.20.7 want: ^7.20.7
250 silly placeDep ROOT @babel/traverse@7.20.10 OK for: @babel/core@7.20.7 want: ^7.20.7
251 silly placeDep ROOT @babel/types@7.20.7 OK for: @babel/core@7.20.7 want: ^7.20.7
252 silly placeDep ROOT convert-source-map@1.9.0 OK for: @babel/core@7.20.7 want: ^1.7.0
253 silly placeDep ROOT gensync@1.0.0-beta.2 OK for: @babel/core@7.20.7 want: ^1.0.0-beta.2
254 silly placeDep ROOT json5@2.2.2 OK for: @babel/core@7.20.7 want: ^2.2.1
255 silly placeDep ROOT semver@6.3.0 OK for: @babel/core@7.20.7 want: ^6.3.0
256 silly fetch manifest @jridgewell/gen-mapping@^0.1.0
257 silly fetch manifest @jridgewell/trace-mapping@^0.3.9
258 silly fetch manifest @babel/highlight@^7.18.6
259 silly fetch manifest @jridgewell/gen-mapping@^0.3.2
260 silly fetch manifest jsesc@^2.5.1
261 silly fetch manifest @babel/compat-data@^7.20.5
262 silly fetch manifest @babel/helper-validator-option@^7.18.6
263 silly fetch manifest lru-cache@^5.1.1
264 silly fetch manifest @babel/helper-environment-visitor@^7.18.9
265 silly fetch manifest @babel/helper-module-imports@^7.18.6
266 silly fetch manifest @babel/helper-simple-access@^7.20.2
267 silly fetch manifest @babel/helper-split-export-declaration@^7.18.6
268 silly fetch manifest @babel/helper-validator-identifier@^7.19.1
269 silly fetch manifest @babel/helper-function-name@^7.19.0
270 silly fetch manifest @babel/helper-hoist-variables@^7.18.6
271 silly fetch manifest globals@^11.1.0
272 silly fetch manifest @babel/helper-string-parser@^7.19.4
273 silly fetch manifest to-fast-properties@^2.0.0
274 http fetch GET 200 https://registry.npmjs.org/@jridgewell%2fgen-mapping 53ms (cache hit)
275 http fetch GET 200 https://registry.npmjs.org/@babel%2fhighlight 52ms (cache hit)
276 http fetch GET 200 https://registry.npmjs.org/@jridgewell%2fgen-mapping 53ms (cache hit)
277 http fetch GET 200 https://registry.npmjs.org/@babel%2fhelper-simple-access 49ms (cache hit)
278 http fetch GET 200 https://registry.npmjs.org/@jridgewell%2ftrace-mapping 55ms (cache hit)
279 http fetch GET 200 https://registry.npmjs.org/@babel%2fhelper-validator-option 53ms (cache hit)
280 http fetch GET 200 https://registry.npmjs.org/jsesc 54ms (cache hit)
281 http fetch GET 200 https://registry.npmjs.org/@babel%2fhelper-validator-identifier 51ms (cache hit)
282 http fetch GET 200 https://registry.npmjs.org/@babel%2fcompat-data 56ms (cache hit)
283 http fetch GET 200 https://registry.npmjs.org/@babel%2fhelper-module-imports 55ms (cache hit)
284 http fetch GET 200 https://registry.npmjs.org/@babel%2fhelper-split-export-declaration 54ms (cache hit)
285 http fetch GET 200 https://registry.npmjs.org/@babel%2fhelper-environment-visitor 56ms (cache hit)
286 http fetch GET 200 https://registry.npmjs.org/@babel%2fhelper-function-name 54ms (cache hit)
287 http fetch GET 200 https://registry.npmjs.org/@babel%2fhelper-hoist-variables 54ms (cache hit)
288 http fetch GET 200 https://registry.npmjs.org/@babel%2fhelper-string-parser 53ms (cache hit)
289 http fetch GET 200 https://registry.npmjs.org/globals 54ms (cache hit)
290 http fetch GET 200 https://registry.npmjs.org/to-fast-properties 55ms (cache hit)
291 http fetch GET 200 https://registry.npmjs.org/lru-cache 62ms (cache hit)
292 timing idealTree:node_modules/@babel/core Completed in 84ms
293 silly placeDep ROOT @jridgewell/gen-mapping@0.1.1 OK for: @ampproject/remapping@2.2.0 want: ^0.1.0
294 silly placeDep ROOT @jridgewell/trace-mapping@0.3.17 OK for: @ampproject/remapping@2.2.0 want: ^0.3.9
295 silly fetch manifest @jridgewell/set-array@^1.0.0
296 silly fetch manifest @jridgewell/sourcemap-codec@^1.4.10
297 silly fetch manifest @jridgewell/resolve-uri@3.1.0
298 silly fetch manifest @jridgewell/sourcemap-codec@1.4.14
299 http fetch GET 200 https://registry.npmjs.org/@jridgewell%2fset-array 13ms (cache hit)
300 http fetch GET 200 https://registry.npmjs.org/@jridgewell%2fresolve-uri 13ms (cache hit)
301 http fetch GET 200 https://registry.npmjs.org/@jridgewell%2fsourcemap-codec 14ms (cache hit)
302 http fetch GET 200 https://registry.npmjs.org/@jridgewell%2fsourcemap-codec 13ms (cache hit)
303 timing idealTree:node_modules/@ampproject/remapping Completed in 18ms
304 silly placeDep ROOT @babel/highlight@7.18.6 OK for: @babel/code-frame@7.18.6 want: ^7.18.6
305 silly fetch manifest @babel/helper-validator-identifier@^7.18.6
306 silly fetch manifest chalk@^2.0.0
307 silly fetch manifest js-tokens@^4.0.0
308 http fetch GET 200 https://registry.npmjs.org/chalk 2ms (cache hit)
309 http fetch GET 200 https://registry.npmjs.org/js-tokens 5ms (cache hit)
310 timing idealTree:node_modules/@babel/code-frame Completed in 9ms
311 silly placeDep node_modules/@babel/generator @jridgewell/gen-mapping@0.3.2 OK for: @babel/generator@7.20.7 want: ^0.3.2
312 silly placeDep ROOT jsesc@2.5.2 OK for: @babel/generator@7.20.7 want: ^2.5.1
313 silly fetch manifest @jridgewell/set-array@^1.0.1
314 timing idealTree:node_modules/@babel/generator Completed in 3ms
315 silly placeDep ROOT @babel/compat-data@7.20.10 OK for: @babel/helper-compilation-targets@7.20.7 want: ^7.20.5
316 silly placeDep ROOT @babel/helper-validator-option@7.18.6 OK for: @babel/helper-compilation-targets@7.20.7 want: ^7.18.6
317 silly placeDep ROOT lru-cache@5.1.1 OK for: @babel/helper-compilation-targets@7.20.7 want: ^5.1.1
318 silly fetch manifest yallist@^3.0.2
319 http fetch GET 200 https://registry.npmjs.org/yallist 2ms (cache hit)
320 timing idealTree:node_modules/@babel/helper-compilation-targets Completed in 5ms
321 timing idealTree:node_modules/@babel/compat-data Completed in 0ms
322 silly placeDep ROOT @babel/helper-environment-visitor@7.18.9 OK for: @babel/helper-module-transforms@7.20.11 want: ^7.18.9
323 silly placeDep ROOT @babel/helper-module-imports@7.18.6 OK for: @babel/helper-module-transforms@7.20.11 want: ^7.18.6
324 silly placeDep ROOT @babel/helper-simple-access@7.20.2 OK for: @babel/helper-module-transforms@7.20.11 want: ^7.20.2
325 silly placeDep ROOT @babel/helper-split-export-declaration@7.18.6 OK for: @babel/helper-module-transforms@7.20.11 want: ^7.18.6
326 silly placeDep ROOT @babel/helper-validator-identifier@7.19.1 OK for: @babel/helper-module-transforms@7.20.11 want: ^7.19.1
327 timing idealTree:node_modules/@babel/helper-module-transforms Completed in 5ms
328 timing idealTree:node_modules/@babel/helper-environment-visitor Completed in 0ms
329 timing idealTree:node_modules/@babel/helper-module-imports Completed in 0ms
330 timing idealTree:node_modules/@babel/helper-simple-access Completed in 0ms
331 timing idealTree:node_modules/@babel/helper-split-export-declaration Completed in 0ms
332 timing idealTree:node_modules/@babel/helper-validator-identifier Completed in 0ms
333 timing idealTree:node_modules/@babel/helper-validator-option Completed in 0ms
334 timing idealTree:node_modules/@babel/helpers Completed in 0ms
335 silly placeDep node_modules/@babel/highlight chalk@2.4.2 OK for: @babel/highlight@7.18.6 want: ^2.0.0
336 silly placeDep ROOT js-tokens@4.0.0 OK for: @babel/highlight@7.18.6 want: ^4.0.0
337 silly fetch manifest ansi-styles@^3.2.1
338 silly fetch manifest escape-string-regexp@^1.0.5
339 silly fetch manifest supports-color@^5.3.0
340 http fetch GET 200 https://registry.npmjs.org/escape-string-regexp 7ms (cache hit)
341 http fetch GET 200 https://registry.npmjs.org/supports-color 10ms (cache hit)
342 http fetch GET 200 https://registry.npmjs.org/ansi-styles 12ms (cache hit)
343 timing idealTree:node_modules/@babel/highlight Completed in 16ms
344 timing idealTree:node_modules/@babel/parser Completed in 0ms
345 silly placeDep ROOT @babel/helper-plugin-utils@7.20.2 OK for: @babel/plugin-syntax-typescript@7.20.0 want: ^7.19.0
346 timing idealTree:node_modules/@babel/plugin-syntax-typescript Completed in 1ms
347 timing idealTree:node_modules/@babel/helper-plugin-utils Completed in 0ms
348 timing idealTree:node_modules/@babel/template Completed in 0ms
349 silly placeDep ROOT @babel/helper-function-name@7.19.0 OK for: @babel/traverse@7.20.10 want: ^7.19.0
350 silly placeDep ROOT @babel/helper-hoist-variables@7.18.6 OK for: @babel/traverse@7.20.10 want: ^7.18.6
351 silly placeDep ROOT globals@11.12.0 OK for: @babel/traverse@7.20.10 want: ^11.1.0
352 timing idealTree:node_modules/@babel/traverse Completed in 3ms
353 timing idealTree:node_modules/@babel/helper-function-name Completed in 0ms
354 timing idealTree:node_modules/@babel/helper-hoist-variables Completed in 0ms
355 silly placeDep ROOT @babel/helper-string-parser@7.19.4 OK for: @babel/types@7.20.7 want: ^7.19.4
356 silly placeDep ROOT to-fast-properties@2.0.0 OK for: @babel/types@7.20.7 want: ^2.0.0
357 timing idealTree:node_modules/@babel/types Completed in 1ms
358 timing idealTree:node_modules/@babel/helper-string-parser Completed in 0ms
359 silly placeDep ROOT @jridgewell/set-array@1.1.2 OK for: @jridgewell/gen-mapping@0.1.1 want: ^1.0.0
360 silly placeDep ROOT @jridgewell/sourcemap-codec@1.4.14 OK for: @jridgewell/gen-mapping@0.1.1 want: ^1.4.10
361 timing idealTree:node_modules/@jridgewell/gen-mapping Completed in 3ms
362 timing idealTree:node_modules/@jridgewell/set-array Completed in 0ms
363 timing idealTree:node_modules/@jridgewell/sourcemap-codec Completed in 0ms
364 silly placeDep ROOT @jridgewell/resolve-uri@3.1.0 OK for: @jridgewell/trace-mapping@0.3.17 want: 3.1.0
365 timing idealTree:node_modules/@jridgewell/trace-mapping Completed in 1ms
366 timing idealTree:node_modules/@jridgewell/resolve-uri Completed in 0ms
367 timing idealTree:node_modules/@vanilla-extract/babel-plugin-debug-ids Completed in 0ms
368 silly fetch manifest browserslist@>= 4.21.0
369 silly placeDep ROOT caniuse-lite@1.0.30001441 OK for: browserslist@4.21.4 want: ^1.0.30001400
370 silly placeDep ROOT electron-to-chromium@1.4.284 OK for: browserslist@4.21.4 want: ^1.4.251
371 silly placeDep ROOT node-releases@2.0.8 OK for: browserslist@4.21.4 want: ^2.0.6
372 silly placeDep ROOT update-browserslist-db@1.0.10 OK for: browserslist@4.21.4 want: ^1.0.9
373 silly fetch manifest escalade@^3.1.1
374 silly fetch manifest picocolors@^1.0.0
375 http fetch GET 200 https://registry.npmjs.org/escalade 3ms (cache hit)
376 http fetch GET 200 https://registry.npmjs.org/picocolors 3ms (cache hit)
377 timing idealTree:node_modules/browserslist Completed in 8ms
378 timing idealTree:node_modules/caniuse-lite Completed in 0ms
379 timing idealTree:node_modules/convert-source-map Completed in 0ms
380 silly placeDep ROOT ms@2.1.2 OK for: debug@4.3.4 want: 2.1.2
381 timing idealTree:node_modules/debug Completed in 1ms
382 timing idealTree:node_modules/electron-to-chromium Completed in 0ms
383 timing idealTree:node_modules/esbuild Completed in 0ms
384 silly placeDep ROOT require-like@0.1.2 OK for: eval@0.1.6 want: >= 0.1.1
385 timing idealTree:node_modules/eval Completed in 1ms
386 silly placeDep ROOT locate-path@6.0.0 OK for: find-up@5.0.0 want: ^6.0.0
387 silly placeDep ROOT path-exists@4.0.0 OK for: find-up@5.0.0 want: ^4.0.0
388 silly fetch manifest p-locate@^5.0.0
389 http fetch GET 200 https://registry.npmjs.org/p-locate 2ms (cache hit)
390 timing idealTree:node_modules/find-up Completed in 5ms
391 timing idealTree:node_modules/gensync Completed in 0ms
392 timing idealTree:node_modules/globals Completed in 0ms
393 timing idealTree:node_modules/javascript-stringify Completed in 0ms
394 timing idealTree:node_modules/js-tokens Completed in 0ms
395 timing idealTree:node_modules/jsesc Completed in 0ms
396 timing idealTree:node_modules/json5 Completed in 0ms
397 silly placeDep ROOT big.js@5.2.2 OK for: loader-utils@2.0.4 want: ^5.2.2
398 silly placeDep ROOT emojis-list@3.0.0 OK for: loader-utils@2.0.4 want: ^3.0.0
399 timing idealTree:node_modules/loader-utils Completed in 2ms
400 timing idealTree:node_modules/big.js Completed in 0ms
401 timing idealTree:node_modules/emojis-list Completed in 0ms
402 silly placeDep ROOT p-locate@5.0.0 OK for: locate-path@6.0.0 want: ^5.0.0
403 silly fetch manifest p-limit@^3.0.2
404 http fetch GET 200 https://registry.npmjs.org/p-limit 5ms (cache hit)
405 timing idealTree:node_modules/locate-path Completed in 6ms
406 timing idealTree:node_modules/lodash Completed in 0ms
407 silly placeDep ROOT yallist@3.1.1 OK for: lru-cache@5.1.1 want: ^3.0.2
408 timing idealTree:node_modules/lru-cache Completed in 1ms
409 timing idealTree:node_modules/ms Completed in 0ms
410 silly placeDep ROOT @next/env@13.1.1 OK for: next@13.1.1 want: 13.1.1
411 silly placeDep ROOT @next/swc-android-arm-eabi@13.1.1 OK for: next@13.1.1 want: 13.1.1
412 silly placeDep ROOT @next/swc-android-arm64@13.1.1 OK for: next@13.1.1 want: 13.1.1
413 silly placeDep ROOT @next/swc-darwin-arm64@13.1.1 OK for: next@13.1.1 want: 13.1.1
414 silly placeDep ROOT @next/swc-darwin-x64@13.1.1 OK for: next@13.1.1 want: 13.1.1
415 silly placeDep ROOT @next/swc-freebsd-x64@13.1.1 OK for: next@13.1.1 want: 13.1.1
416 silly placeDep ROOT @next/swc-linux-arm-gnueabihf@13.1.1 OK for: next@13.1.1 want: 13.1.1
417 silly placeDep ROOT @next/swc-linux-arm64-gnu@13.1.1 OK for: next@13.1.1 want: 13.1.1
418 silly placeDep ROOT @next/swc-linux-arm64-musl@13.1.1 OK for: next@13.1.1 want: 13.1.1
419 silly placeDep ROOT @next/swc-linux-x64-gnu@13.1.1 OK for: next@13.1.1 want: 13.1.1
420 silly placeDep ROOT @next/swc-linux-x64-musl@13.1.1 OK for: next@13.1.1 want: 13.1.1
421 silly placeDep ROOT @next/swc-win32-arm64-msvc@13.1.1 OK for: next@13.1.1 want: 13.1.1
422 silly placeDep ROOT @next/swc-win32-ia32-msvc@13.1.1 OK for: next@13.1.1 want: 13.1.1
423 silly placeDep ROOT @next/swc-win32-x64-msvc@13.1.1 OK for: next@13.1.1 want: 13.1.1
424 silly placeDep ROOT @swc/helpers@0.4.14 OK for: next@13.1.1 want: 0.4.14
425 silly placeDep ROOT postcss@8.4.14 OK for: next@13.1.1 want: 8.4.14
426 silly placeDep ROOT styled-jsx@5.1.1 OK for: next@13.1.1 want: 5.1.1
427 silly fetch manifest tslib@^2.4.0
428 silly fetch manifest nanoid@^3.3.4
429 silly fetch manifest source-map-js@^1.0.2
430 silly fetch manifest client-only@0.0.1
431 http fetch GET 200 https://registry.npmjs.org/nanoid 6ms (cache hit)
432 http fetch GET 200 https://registry.npmjs.org/source-map-js 6ms (cache hit)
433 http fetch GET 200 https://registry.npmjs.org/tslib 8ms (cache hit)
434 http fetch GET 200 https://registry.npmjs.org/client-only 7ms (cache hit)
435 timing idealTree:node_modules/next Completed in 22ms
436 timing idealTree:node_modules/@next/env Completed in 0ms
437 timing idealTree:node_modules/@next/swc-android-arm-eabi Completed in 0ms
438 timing idealTree:node_modules/@next/swc-android-arm64 Completed in 0ms
439 timing idealTree:node_modules/@next/swc-darwin-arm64 Completed in 0ms
440 timing idealTree:node_modules/@next/swc-darwin-x64 Completed in 0ms
441 timing idealTree:node_modules/@next/swc-freebsd-x64 Completed in 0ms
442 timing idealTree:node_modules/@next/swc-linux-arm-gnueabihf Completed in 0ms
443 timing idealTree:node_modules/@next/swc-linux-arm64-gnu Completed in 0ms
444 timing idealTree:node_modules/@next/swc-linux-arm64-musl Completed in 0ms
445 timing idealTree:node_modules/@next/swc-linux-x64-gnu Completed in 0ms
446 timing idealTree:node_modules/@next/swc-linux-x64-musl Completed in 0ms
447 timing idealTree:node_modules/@next/swc-win32-arm64-msvc Completed in 0ms
448 timing idealTree:node_modules/@next/swc-win32-ia32-msvc Completed in 0ms
449 timing idealTree:node_modules/@next/swc-win32-x64-msvc Completed in 0ms
450 silly placeDep ROOT tslib@2.4.1 OK for: @swc/helpers@0.4.14 want: ^2.4.0
451 timing idealTree:node_modules/@swc/helpers Completed in 1ms
452 timing idealTree:node_modules/node-releases Completed in 0ms
453 silly placeDep ROOT p-limit@3.1.0 OK for: p-locate@5.0.0 want: ^3.0.2
454 silly fetch manifest yocto-queue@^0.1.0
455 http fetch GET 200 https://registry.npmjs.org/yocto-queue 1ms (cache hit)
456 timing idealTree:node_modules/p-locate Completed in 3ms
457 silly placeDep ROOT yocto-queue@0.1.0 OK for: p-limit@3.1.0 want: ^0.1.0
458 timing idealTree:node_modules/p-limit Completed in 0ms
459 timing idealTree:node_modules/path-exists Completed in 0ms
460 silly placeDep ROOT nanoid@3.3.4 OK for: postcss@8.4.14 want: ^3.3.4
461 silly placeDep ROOT picocolors@1.0.0 OK for: postcss@8.4.14 want: ^1.0.0
462 silly placeDep ROOT source-map-js@1.0.2 OK for: postcss@8.4.14 want: ^1.0.2
463 timing idealTree:node_modules/postcss Completed in 1ms
464 timing idealTree:node_modules/nanoid Completed in 0ms
465 timing idealTree:node_modules/picocolors Completed in 0ms
466 silly placeDep ROOT loose-envify@1.4.0 OK for: react@18.2.0 want: ^1.1.0
467 timing idealTree:node_modules/react Completed in 1ms
468 timing idealTree:node_modules/loose-envify Completed in 0ms
469 silly placeDep ROOT scheduler@0.23.0 OK for: react-dom@18.2.0 want: ^0.23.0
470 timing idealTree:node_modules/react-dom Completed in 0ms
471 timing idealTree:node_modules/require-like Completed in 0ms
472 timing idealTree:node_modules/scheduler Completed in 1ms
473 timing idealTree:node_modules/semver Completed in 0ms
474 timing idealTree:node_modules/source-map-js Completed in 0ms
475 silly placeDep ROOT client-only@0.0.1 OK for: styled-jsx@5.1.1 want: 0.0.1
476 timing idealTree:node_modules/styled-jsx Completed in 0ms
477 timing idealTree:node_modules/client-only Completed in 0ms
478 timing idealTree:node_modules/to-fast-properties Completed in 0ms
479 timing idealTree:node_modules/tslib Completed in 0ms
480 silly placeDep ROOT escalade@3.1.1 OK for: update-browserslist-db@1.0.10 want: ^3.1.1
481 timing idealTree:node_modules/update-browserslist-db Completed in 1ms
482 timing idealTree:node_modules/escalade Completed in 0ms
483 silly fetch manifest webpack@^5.1.0
484 silly placeDep ROOT @types/eslint-scope@3.7.4 OK for: webpack@5.75.0 want: ^3.7.3
485 silly placeDep ROOT @types/estree@0.0.51 OK for: webpack@5.75.0 want: ^0.0.51
486 silly placeDep ROOT @webassemblyjs/ast@1.11.1 OK for: webpack@5.75.0 want: 1.11.1
487 silly placeDep ROOT @webassemblyjs/wasm-edit@1.11.1 OK for: webpack@5.75.0 want: 1.11.1
488 silly placeDep ROOT @webassemblyjs/wasm-parser@1.11.1 OK for: webpack@5.75.0 want: 1.11.1
489 silly placeDep ROOT acorn@8.8.1 OK for: webpack@5.75.0 want: ^8.7.1
490 silly placeDep ROOT acorn-import-assertions@1.8.0 OK for: webpack@5.75.0 want: ^1.7.6
491 silly placeDep ROOT chrome-trace-event@1.0.3 OK for: webpack@5.75.0 want: ^1.0.2
492 silly placeDep ROOT enhanced-resolve@5.12.0 OK for: webpack@5.75.0 want: ^5.10.0
493 silly placeDep ROOT es-module-lexer@0.9.3 OK for: webpack@5.75.0 want: ^0.9.0
494 silly placeDep ROOT eslint-scope@5.1.1 OK for: webpack@5.75.0 want: 5.1.1
495 silly placeDep ROOT events@3.3.0 OK for: webpack@5.75.0 want: ^3.2.0
496 silly placeDep ROOT glob-to-regexp@0.4.1 OK for: webpack@5.75.0 want: ^0.4.1
497 silly placeDep ROOT graceful-fs@4.2.10 OK for: webpack@5.75.0 want: ^4.2.9
498 silly placeDep ROOT json-parse-even-better-errors@2.3.1 OK for: webpack@5.75.0 want: ^2.3.1
499 silly placeDep ROOT loader-runner@4.3.0 OK for: webpack@5.75.0 want: ^4.2.0
500 silly placeDep ROOT mime-types@2.1.35 OK for: webpack@5.75.0 want: ^2.1.27
501 silly placeDep ROOT neo-async@2.6.2 OK for: webpack@5.75.0 want: ^2.6.2
502 silly placeDep ROOT schema-utils@3.1.1 OK for: webpack@5.75.0 want: ^3.1.0
503 silly placeDep ROOT tapable@2.2.1 OK for: webpack@5.75.0 want: ^2.1.1
504 silly placeDep ROOT terser-webpack-plugin@5.3.6 OK for: webpack@5.75.0 want: ^5.1.3
505 silly placeDep ROOT watchpack@2.4.0 OK for: webpack@5.75.0 want: ^2.4.0
506 silly placeDep ROOT webpack-sources@3.2.3 OK for: webpack@5.75.0 want: ^3.2.3
507 silly fetch manifest @types/eslint@*
508 silly fetch manifest @webassemblyjs/helper-numbers@1.11.1
509 silly fetch manifest @webassemblyjs/helper-wasm-bytecode@1.11.1
510 silly fetch manifest @webassemblyjs/helper-buffer@1.11.1
511 silly fetch manifest @webassemblyjs/helper-wasm-section@1.11.1
512 silly fetch manifest @webassemblyjs/wasm-gen@1.11.1
513 silly fetch manifest @webassemblyjs/wasm-opt@1.11.1
514 silly fetch manifest @webassemblyjs/wast-printer@1.11.1
515 silly fetch manifest @webassemblyjs/helper-api-error@1.11.1
516 silly fetch manifest @webassemblyjs/ieee754@1.11.1
517 silly fetch manifest @webassemblyjs/leb128@1.11.1
518 silly fetch manifest @webassemblyjs/utf8@1.11.1
519 silly fetch manifest esrecurse@^4.3.0
520 silly fetch manifest estraverse@^4.1.1
521 silly fetch manifest mime-db@1.52.0
522 silly fetch manifest @types/json-schema@^7.0.8
523 silly fetch manifest ajv@^6.12.5
524 silly fetch manifest ajv-keywords@^3.5.2
525 silly fetch manifest jest-worker@^27.4.5
526 silly fetch manifest serialize-javascript@^6.0.0
527 silly fetch manifest terser@^5.14.1
528 http fetch GET 200 https://registry.npmjs.org/@types%2feslint 42ms (cache hit)
529 http fetch GET 200 https://registry.npmjs.org/@webassemblyjs%2fwasm-gen 39ms (cache hit)
530 http fetch GET 200 https://registry.npmjs.org/@webassemblyjs%2fhelper-wasm-section 41ms (cache hit)
531 http fetch GET 200 https://registry.npmjs.org/@webassemblyjs%2fhelper-wasm-bytecode 42ms (cache hit)
532 http fetch GET 200 https://registry.npmjs.org/@webassemblyjs%2fwasm-opt 41ms (cache hit)
533 http fetch GET 200 https://registry.npmjs.org/estraverse 38ms (cache hit)
534 http fetch GET 200 https://registry.npmjs.org/@webassemblyjs%2fhelper-api-error 42ms (cache hit)
535 http fetch GET 200 https://registry.npmjs.org/@webassemblyjs%2futf8 40ms (cache hit)
536 http fetch GET 200 https://registry.npmjs.org/@webassemblyjs%2fleb128 41ms (cache hit)
537 http fetch GET 200 https://registry.npmjs.org/@webassemblyjs%2fieee754 42ms (cache hit)
538 http fetch GET 200 https://registry.npmjs.org/@webassemblyjs%2fwast-printer 43ms (cache hit)
539 http fetch GET 200 https://registry.npmjs.org/@types%2fjson-schema 39ms (cache hit)
540 http fetch GET 200 https://registry.npmjs.org/serialize-javascript 37ms (cache hit)
541 http fetch GET 200 https://registry.npmjs.org/@webassemblyjs%2fhelper-buffer 48ms (cache hit)
542 http fetch GET 200 https://registry.npmjs.org/esrecurse 42ms (cache hit)
543 http fetch GET 200 https://registry.npmjs.org/ajv-keywords 40ms (cache hit)
544 http fetch GET 200 https://registry.npmjs.org/jest-worker 40ms (cache hit)
545 http fetch GET 200 https://registry.npmjs.org/ajv 45ms (cache hit)
546 http fetch GET 200 https://registry.npmjs.org/mime-db 55ms (cache hit)
547 http fetch GET 200 https://registry.npmjs.org/terser 53ms (cache hit)
548 http fetch GET 200 https://registry.npmjs.org/@webassemblyjs%2fhelper-numbers 66ms (cache hit)
549 timing idealTree:node_modules/webpack Completed in 94ms
550 silly placeDep ROOT @types/eslint@8.4.10 OK for: @types/eslint-scope@3.7.4 want: *
551 silly fetch manifest @types/json-schema@*
552 timing idealTree:node_modules/@types/eslint-scope Completed in 1ms
553 silly placeDep ROOT @types/json-schema@7.0.11 OK for: @types/eslint@8.4.10 want: *
554 timing idealTree:node_modules/@types/eslint Completed in 1ms
555 timing idealTree:node_modules/@types/estree Completed in 0ms
556 timing idealTree:node_modules/@types/json-schema Completed in 0ms
557 silly placeDep ROOT @webassemblyjs/helper-numbers@1.11.1 OK for: @webassemblyjs/ast@1.11.1 want: 1.11.1
558 silly placeDep ROOT @webassemblyjs/helper-wasm-bytecode@1.11.1 OK for: @webassemblyjs/ast@1.11.1 want: 1.11.1
559 silly fetch manifest @webassemblyjs/floating-point-hex-parser@1.11.1
560 silly fetch manifest @xtuc/long@4.2.2
561 http fetch GET 200 https://registry.npmjs.org/@xtuc%2flong 3ms (cache hit)
562 http fetch GET 200 https://registry.npmjs.org/@webassemblyjs%2ffloating-point-hex-parser 4ms (cache hit)
563 timing idealTree:node_modules/@webassemblyjs/ast Completed in 7ms
564 silly placeDep ROOT @webassemblyjs/floating-point-hex-parser@1.11.1 OK for: @webassemblyjs/helper-numbers@1.11.1 want: 1.11.1
565 silly placeDep ROOT @webassemblyjs/helper-api-error@1.11.1 OK for: @webassemblyjs/helper-numbers@1.11.1 want: 1.11.1
566 silly placeDep ROOT @xtuc/long@4.2.2 OK for: @webassemblyjs/helper-numbers@1.11.1 want: 4.2.2
567 timing idealTree:node_modules/@webassemblyjs/helper-numbers Completed in 2ms
568 timing idealTree:node_modules/@webassemblyjs/floating-point-hex-parser Completed in 0ms
569 timing idealTree:node_modules/@webassemblyjs/helper-api-error Completed in 0ms
570 timing idealTree:node_modules/@webassemblyjs/helper-wasm-bytecode Completed in 0ms
571 silly placeDep ROOT @webassemblyjs/helper-buffer@1.11.1 OK for: @webassemblyjs/wasm-edit@1.11.1 want: 1.11.1
572 silly placeDep ROOT @webassemblyjs/helper-wasm-section@1.11.1 OK for: @webassemblyjs/wasm-edit@1.11.1 want: 1.11.1
573 silly placeDep ROOT @webassemblyjs/wasm-gen@1.11.1 OK for: @webassemblyjs/wasm-edit@1.11.1 want: 1.11.1
574 silly placeDep ROOT @webassemblyjs/wasm-opt@1.11.1 OK for: @webassemblyjs/wasm-edit@1.11.1 want: 1.11.1
575 silly placeDep ROOT @webassemblyjs/wast-printer@1.11.1 OK for: @webassemblyjs/wasm-edit@1.11.1 want: 1.11.1
576 timing idealTree:node_modules/@webassemblyjs/wasm-edit Completed in 5ms
577 timing idealTree:node_modules/@webassemblyjs/helper-buffer Completed in 0ms
578 timing idealTree:node_modules/@webassemblyjs/helper-wasm-section Completed in 0ms
579 silly placeDep ROOT @webassemblyjs/ieee754@1.11.1 OK for: @webassemblyjs/wasm-gen@1.11.1 want: 1.11.1
580 silly placeDep ROOT @webassemblyjs/leb128@1.11.1 OK for: @webassemblyjs/wasm-gen@1.11.1 want: 1.11.1
581 silly placeDep ROOT @webassemblyjs/utf8@1.11.1 OK for: @webassemblyjs/wasm-gen@1.11.1 want: 1.11.1
582 silly fetch manifest @xtuc/ieee754@^1.2.0
583 http fetch GET 200 https://registry.npmjs.org/@xtuc%2fieee754 1ms (cache hit)
584 timing idealTree:node_modules/@webassemblyjs/wasm-gen Completed in 4ms
585 silly placeDep ROOT @xtuc/ieee754@1.2.0 OK for: @webassemblyjs/ieee754@1.11.1 want: ^1.2.0
586 timing idealTree:node_modules/@webassemblyjs/ieee754 Completed in 0ms
587 timing idealTree:node_modules/@webassemblyjs/leb128 Completed in 0ms
588 timing idealTree:node_modules/@webassemblyjs/utf8 Completed in 0ms
589 timing idealTree:node_modules/@webassemblyjs/wasm-opt Completed in 0ms
590 timing idealTree:node_modules/@webassemblyjs/wasm-parser Completed in 0ms
591 timing idealTree:node_modules/@webassemblyjs/wast-printer Completed in 0ms
592 timing idealTree:node_modules/@xtuc/ieee754 Completed in 0ms
593 timing idealTree:node_modules/@xtuc/long Completed in 0ms
594 timing idealTree:node_modules/acorn Completed in 0ms
595 timing idealTree:node_modules/acorn-import-assertions Completed in 0ms
596 timing idealTree:node_modules/chrome-trace-event Completed in 0ms
597 timing idealTree:node_modules/enhanced-resolve Completed in 0ms
598 timing idealTree:node_modules/es-module-lexer Completed in 0ms
599 silly placeDep ROOT esrecurse@4.3.0 OK for: eslint-scope@5.1.1 want: ^4.3.0
600 silly placeDep ROOT estraverse@4.3.0 OK for: eslint-scope@5.1.1 want: ^4.1.1
601 silly fetch manifest estraverse@^5.2.0
602 timing idealTree:node_modules/eslint-scope Completed in 2ms
603 silly placeDep node_modules/esrecurse estraverse@5.3.0 OK for: esrecurse@4.3.0 want: ^5.2.0
604 timing idealTree:node_modules/esrecurse Completed in 1ms
605 timing idealTree:node_modules/estraverse Completed in 0ms
606 timing idealTree:node_modules/events Completed in 0ms
607 timing idealTree:node_modules/glob-to-regexp Completed in 0ms
608 timing idealTree:node_modules/graceful-fs Completed in 0ms
609 timing idealTree:node_modules/json-parse-even-better-errors Completed in 0ms
610 timing idealTree:node_modules/loader-runner Completed in 0ms
611 silly placeDep ROOT mime-db@1.52.0 OK for: mime-types@2.1.35 want: 1.52.0
612 timing idealTree:node_modules/mime-types Completed in 1ms
613 timing idealTree:node_modules/mime-db Completed in 0ms
614 timing idealTree:node_modules/neo-async Completed in 0ms
615 silly placeDep ROOT ajv@6.12.6 OK for: schema-utils@3.1.1 want: ^6.12.5
616 silly placeDep ROOT ajv-keywords@3.5.2 OK for: schema-utils@3.1.1 want: ^3.5.2
617 silly fetch manifest fast-deep-equal@^3.1.1
618 silly fetch manifest fast-json-stable-stringify@^2.0.0
619 silly fetch manifest json-schema-traverse@^0.4.1
620 silly fetch manifest uri-js@^4.2.2
621 http fetch GET 200 https://registry.npmjs.org/fast-json-stable-stringify 10ms (cache hit)
622 http fetch GET 200 https://registry.npmjs.org/uri-js 9ms (cache hit)
623 http fetch GET 200 https://registry.npmjs.org/json-schema-traverse 11ms (cache hit)
624 http fetch GET 200 https://registry.npmjs.org/fast-deep-equal 12ms (cache hit)
625 timing idealTree:node_modules/schema-utils Completed in 16ms
626 silly placeDep ROOT fast-deep-equal@3.1.3 OK for: ajv@6.12.6 want: ^3.1.1
627 silly placeDep ROOT fast-json-stable-stringify@2.1.0 OK for: ajv@6.12.6 want: ^2.0.0
628 silly placeDep ROOT json-schema-traverse@0.4.1 OK for: ajv@6.12.6 want: ^0.4.1
629 silly placeDep ROOT uri-js@4.4.1 OK for: ajv@6.12.6 want: ^4.2.2
630 silly fetch manifest punycode@^2.1.0
631 http fetch GET 200 https://registry.npmjs.org/punycode 2ms (cache hit)
632 timing idealTree:node_modules/ajv Completed in 6ms
633 timing idealTree:node_modules/ajv-keywords Completed in 0ms
634 timing idealTree:node_modules/fast-deep-equal Completed in 0ms
635 timing idealTree:node_modules/fast-json-stable-stringify Completed in 0ms
636 timing idealTree:node_modules/json-schema-traverse Completed in 0ms
637 timing idealTree:node_modules/tapable Completed in 0ms
638 silly placeDep ROOT jest-worker@27.5.1 OK for: terser-webpack-plugin@5.3.6 want: ^27.4.5
639 silly placeDep ROOT serialize-javascript@6.0.0 OK for: terser-webpack-plugin@5.3.6 want: ^6.0.0
640 silly placeDep ROOT terser@5.16.1 OK for: terser-webpack-plugin@5.3.6 want: ^5.14.1
641 silly fetch manifest @types/node@*
642 silly fetch manifest merge-stream@^2.0.0
643 silly fetch manifest supports-color@^8.0.0
644 silly fetch manifest randombytes@^2.1.0
645 silly fetch manifest @jridgewell/source-map@^0.3.2
646 silly fetch manifest commander@^2.20.0
647 silly fetch manifest source-map-support@~0.5.20
648 http fetch GET 200 https://registry.npmjs.org/merge-stream 16ms (cache hit)
649 http fetch GET 200 https://registry.npmjs.org/source-map-support 14ms (cache hit)
650 http fetch GET 200 https://registry.npmjs.org/@jridgewell%2fsource-map 16ms (cache hit)
651 http fetch GET 200 https://registry.npmjs.org/@types%2fnode 21ms (cache hit)
652 http fetch GET 200 https://registry.npmjs.org/commander 26ms (cache hit)
653 http fetch GET 200 https://registry.npmjs.org/randombytes 29ms (cache hit)
654 timing idealTree:node_modules/terser-webpack-plugin Completed in 33ms
655 silly placeDep ROOT @types/node@18.11.18 OK for: jest-worker@27.5.1 want: *
656 silly placeDep ROOT merge-stream@2.0.0 OK for: jest-worker@27.5.1 want: ^2.0.0
657 silly placeDep node_modules/jest-worker supports-color@8.1.1 OK for: jest-worker@27.5.1 want: ^8.0.0
658 timing idealTree:node_modules/jest-worker Completed in 3ms
659 timing idealTree:node_modules/@types/node Completed in 0ms
660 timing idealTree:node_modules/merge-stream Completed in 0ms
661 silly placeDep ROOT randombytes@2.1.0 OK for: serialize-javascript@6.0.0 want: ^2.1.0
662 silly fetch manifest safe-buffer@^5.1.0
663 http fetch GET 200 https://registry.npmjs.org/safe-buffer 6ms (cache hit)
664 timing idealTree:node_modules/serialize-javascript Completed in 7ms
665 silly placeDep ROOT safe-buffer@5.2.1 OK for: randombytes@2.1.0 want: ^5.1.0
666 timing idealTree:node_modules/randombytes Completed in 1ms
667 timing idealTree:node_modules/safe-buffer Completed in 0ms
668 silly placeDep ROOT @jridgewell/source-map@0.3.2 OK for: terser@5.16.1 want: ^0.3.2
669 silly placeDep ROOT commander@2.20.3 OK for: terser@5.16.1 want: ^2.20.0
670 silly placeDep ROOT source-map-support@0.5.21 OK for: terser@5.16.1 want: ~0.5.20
671 silly fetch manifest @jridgewell/gen-mapping@^0.3.0
672 silly fetch manifest buffer-from@^1.0.0
673 silly fetch manifest source-map@^0.6.0
674 http fetch GET 200 https://registry.npmjs.org/buffer-from 4ms (cache hit)
675 http fetch GET 200 https://registry.npmjs.org/source-map 3ms (cache hit)
676 timing idealTree:node_modules/terser Completed in 7ms
677 silly placeDep node_modules/@jridgewell/source-map @jridgewell/gen-mapping@0.3.2 OK for: @jridgewell/source-map@0.3.2 want: ^0.3.0
678 timing idealTree:node_modules/@jridgewell/source-map Completed in 1ms
679 timing idealTree:node_modules/commander Completed in 0ms
680 silly placeDep ROOT buffer-from@1.1.2 OK for: source-map-support@0.5.21 want: ^1.0.0
681 silly placeDep ROOT source-map@0.6.1 OK for: source-map-support@0.5.21 want: ^0.6.0
682 timing idealTree:node_modules/source-map-support Completed in 1ms
683 timing idealTree:node_modules/buffer-from Completed in 0ms
684 timing idealTree:node_modules/source-map Completed in 0ms
685 silly placeDep ROOT punycode@2.1.1 OK for: uri-js@4.4.1 want: ^2.1.0
686 timing idealTree:node_modules/uri-js Completed in 0ms
687 timing idealTree:node_modules/punycode Completed in 0ms
688 timing idealTree:node_modules/watchpack Completed in 0ms
689 timing idealTree:node_modules/webpack-sources Completed in 0ms
690 timing idealTree:node_modules/yallist Completed in 0ms
691 timing idealTree:node_modules/yocto-queue Completed in 0ms
692 timing idealTree:node_modules/@babel/generator/node_modules/@jridgewell/gen-mapping Completed in 0ms
693 silly placeDep node_modules/@babel/highlight ansi-styles@3.2.1 OK for: chalk@2.4.2 want: ^3.2.1
694 silly placeDep ROOT escape-string-regexp@1.0.5 OK for: chalk@2.4.2 want: ^1.0.5
695 silly placeDep node_modules/@babel/highlight supports-color@5.5.0 OK for: chalk@2.4.2 want: ^5.3.0
696 silly fetch manifest color-convert@^1.9.0
697 silly fetch manifest has-flag@^3.0.0
698 http fetch GET 200 https://registry.npmjs.org/color-convert 4ms (cache hit)
699 http fetch GET 200 https://registry.npmjs.org/has-flag 4ms (cache hit)
700 timing idealTree:node_modules/@babel/highlight/node_modules/chalk Completed in 8ms
701 timing idealTree:node_modules/escape-string-regexp Completed in 0ms
702 silly placeDep node_modules/@babel/highlight color-convert@1.9.3 OK for: ansi-styles@3.2.1 want: ^1.9.0
703 silly fetch manifest color-name@1.1.3
704 http fetch GET 200 https://registry.npmjs.org/color-name 10ms (cache hit)
705 timing idealTree:node_modules/@babel/highlight/node_modules/ansi-styles Completed in 12ms
706 silly placeDep node_modules/@babel/highlight color-name@1.1.3 OK for: color-convert@1.9.3 want: 1.1.3
707 timing idealTree:node_modules/@babel/highlight/node_modules/color-convert Completed in 1ms
708 timing idealTree:node_modules/@babel/highlight/node_modules/color-name Completed in 0ms
709 silly placeDep node_modules/@babel/highlight has-flag@3.0.0 OK for: supports-color@5.5.0 want: ^3.0.0
710 timing idealTree:node_modules/@babel/highlight/node_modules/supports-color Completed in 1ms
711 timing idealTree:node_modules/@babel/highlight/node_modules/has-flag Completed in 0ms
712 timing idealTree:node_modules/@jridgewell/source-map/node_modules/@jridgewell/gen-mapping Completed in 0ms
713 timing idealTree:node_modules/esrecurse/node_modules/estraverse Completed in 0ms
714 timing idealTree:node_modules/jest-worker/node_modules/supports-color Completed in 0ms
715 timing idealTree:buildDeps Completed in 999ms
716 timing idealTree:fixDepFlags Completed in 2ms
717 timing idealTree Completed in 1046ms
718 timing reify:loadTrees Completed in 1048ms
719 timing reify:diffTrees Completed in 3ms
720 silly reify moves {}
721 timing reify:retireShallow Completed in 0ms
722 timing reify:createSparse Completed in 5ms
723 timing reify:loadBundles Completed in 0ms
724 silly audit bulk request {
724 silly audit   ahocorasick: [ '1.0.2' ],
724 silly audit   'ansi-styles': [ '4.3.0', '3.2.1' ],
724 silly audit   chalk: [ '4.1.2', '2.4.2' ],
724 silly audit   'color-convert': [ '2.0.1', '1.9.3' ],
724 silly audit   'color-name': [ '1.1.4', '1.1.3' ],
724 silly audit   'css-what': [ '5.1.0' ],
724 silly audit   cssesc: [ '3.0.0' ],
724 silly audit   csstype: [ '3.1.1' ],
724 silly audit   'deep-object-diff': [ '1.1.9' ],
724 silly audit   deepmerge: [ '4.2.2' ],
724 silly audit   'has-flag': [ '4.0.0', '3.0.0' ],
724 silly audit   'media-query-parser': [ '2.0.2' ],
724 silly audit   outdent: [ '0.8.0' ],
724 silly audit   'regenerator-runtime': [ '0.13.11' ],
724 silly audit   'supports-color': [ '7.2.0', '8.1.1', '5.5.0' ],
724 silly audit   '@babel/runtime': [ '7.20.7' ],
724 silly audit   '@emotion/hash': [ '0.9.0' ],
724 silly audit   '@vanilla-extract/css': [ '1.9.2' ],
724 silly audit   '@vanilla-extract/private': [ '1.0.3' ],
724 silly audit   '@vanilla-extract/next-plugin': [ '2.1.1' ],
724 silly audit   next: [ '13.1.1' ],
724 silly audit   react: [ '18.2.0' ],
724 silly audit   'react-dom': [ '18.2.0' ],
724 silly audit   '@vanilla-extract/webpack-plugin': [ '2.2.0' ],
724 silly audit   webpack: [ '5.75.0' ],
724 silly audit   browserslist: [ '4.21.4' ],
724 silly audit   '@vanilla-extract/integration': [ '6.0.1' ],
724 silly audit   debug: [ '4.3.4' ],
724 silly audit   'loader-utils': [ '2.0.4' ],
724 silly audit   '@babel/core': [ '7.20.7' ],
724 silly audit   '@babel/plugin-syntax-typescript': [ '7.20.0' ],
724 silly audit   '@vanilla-extract/babel-plugin-debug-ids': [ '1.0.0' ],
724 silly audit   esbuild: [ '0.11.23' ],
724 silly audit   eval: [ '0.1.6' ],
724 silly audit   'find-up': [ '5.0.0' ],
724 silly audit   'javascript-stringify': [ '2.1.0' ],
724 silly audit   lodash: [ '4.17.21' ],
724 silly audit   '@ampproject/remapping': [ '2.2.0' ],
724 silly audit   '@babel/code-frame': [ '7.18.6' ],
724 silly audit   '@babel/generator': [ '7.20.7' ],
724 silly audit   '@babel/helper-compilation-targets': [ '7.20.7' ],
724 silly audit   '@babel/helper-module-transforms': [ '7.20.11' ],
724 silly audit   '@babel/helpers': [ '7.20.7' ],
724 silly audit   '@babel/parser': [ '7.20.7' ],
724 silly audit   '@babel/template': [ '7.20.7' ],
724 silly audit   '@babel/traverse': [ '7.20.10' ],
724 silly audit   '@babel/types': [ '7.20.7' ],
724 silly audit   'convert-source-map': [ '1.9.0' ],
724 silly audit   gensync: [ '1.0.0-beta.2' ],
724 silly audit   json5: [ '2.2.2' ],
724 silly audit   semver: [ '6.3.0' ],
724 silly audit   '@jridgewell/gen-mapping': [ '0.1.1', '0.3.2' ],
724 silly audit   '@jridgewell/trace-mapping': [ '0.3.17' ],
724 silly audit   '@babel/highlight': [ '7.18.6' ],
724 silly audit   jsesc: [ '2.5.2' ],
724 silly audit   '@babel/compat-data': [ '7.20.10' ],
724 silly audit   '@babel/helper-validator-option': [ '7.18.6' ],
724 silly audit   'lru-cache': [ '5.1.1' ],
724 silly audit   '@babel/helper-environment-visitor': [ '7.18.9' ],
724 silly audit   '@babel/helper-module-imports': [ '7.18.6' ],
724 silly audit   '@babel/helper-simple-access': [ '7.20.2' ],
724 silly audit   '@babel/helper-split-export-declaration': [ '7.18.6' ],
724 silly audit   '@babel/helper-validator-identifier': [ '7.19.1' ],
724 silly audit   'js-tokens': [ '4.0.0' ],
724 silly audit   '@babel/helper-plugin-utils': [ '7.20.2' ],
724 silly audit   '@babel/helper-function-name': [ '7.19.0' ],
724 silly audit   '@babel/helper-hoist-variables': [ '7.18.6' ],
724 silly audit   globals: [ '11.12.0' ],
724 silly audit   '@babel/helper-string-parser': [ '7.19.4' ],
724 silly audit   'to-fast-properties': [ '2.0.0' ],
724 silly audit   '@jridgewell/set-array': [ '1.1.2' ],
724 silly audit   '@jridgewell/sourcemap-codec': [ '1.4.14' ],
724 silly audit   '@jridgewell/resolve-uri': [ '3.1.0' ],
724 silly audit   'caniuse-lite': [ '1.0.30001441' ],
724 silly audit   'electron-to-chromium': [ '1.4.284' ],
724 silly audit   'node-releases': [ '2.0.8' ],
724 silly audit   'update-browserslist-db': [ '1.0.10' ],
724 silly audit   ms: [ '2.1.2' ],
724 silly audit   'require-like': [ '0.1.2' ],
724 silly audit   'locate-path': [ '6.0.0' ],
724 silly audit   'path-exists': [ '4.0.0' ],
724 silly audit   'big.js': [ '5.2.2' ],
724 silly audit   'emojis-list': [ '3.0.0' ],
724 silly audit   'p-locate': [ '5.0.0' ],
724 silly audit   yallist: [ '3.1.1' ],
724 silly audit   '@next/env': [ '13.1.1' ],
724 silly audit   '@next/swc-android-arm-eabi': [ '13.1.1' ],
724 silly audit   '@next/swc-android-arm64': [ '13.1.1' ],
724 silly audit   '@next/swc-darwin-arm64': [ '13.1.1' ],
724 silly audit   '@next/swc-darwin-x64': [ '13.1.1' ],
724 silly audit   '@next/swc-freebsd-x64': [ '13.1.1' ],
724 silly audit   '@next/swc-linux-arm-gnueabihf': [ '13.1.1' ],
724 silly audit   '@next/swc-linux-arm64-gnu': [ '13.1.1' ],
724 silly audit   '@next/swc-linux-arm64-musl': [ '13.1.1' ],
724 silly audit   '@next/swc-linux-x64-gnu': [ '13.1.1' ],
724 silly audit   '@next/swc-linux-x64-musl': [ '13.1.1' ],
724 silly audit   '@next/swc-win32-arm64-msvc': [ '13.1.1' ],
724 silly audit   '@next/swc-win32-ia32-msvc': [ '13.1.1' ],
724 silly audit   '@next/swc-win32-x64-msvc': [ '13.1.1' ],
724 silly audit   '@swc/helpers': [ '0.4.14' ],
724 silly audit   postcss: [ '8.4.14' ],
724 silly audit   'styled-jsx': [ '5.1.1' ],
724 silly audit   tslib: [ '2.4.1' ],
724 silly audit   'p-limit': [ '3.1.0' ],
724 silly audit   'yocto-queue': [ '0.1.0' ],
724 silly audit   nanoid: [ '3.3.4' ],
724 silly audit   picocolors: [ '1.0.0' ],
724 silly audit   'source-map-js': [ '1.0.2' ],
724 silly audit   'loose-envify': [ '1.4.0' ],
724 silly audit   scheduler: [ '0.23.0' ],
724 silly audit   'client-only': [ '0.0.1' ],
724 silly audit   escalade: [ '3.1.1' ],
724 silly audit   '@types/eslint-scope': [ '3.7.4' ],
724 silly audit   '@types/estree': [ '0.0.51' ],
724 silly audit   '@webassemblyjs/ast': [ '1.11.1' ],
724 silly audit   '@webassemblyjs/wasm-edit': [ '1.11.1' ],
724 silly audit   '@webassemblyjs/wasm-parser': [ '1.11.1' ],
724 silly audit   acorn: [ '8.8.1' ],
724 silly audit   'acorn-import-assertions': [ '1.8.0' ],
724 silly audit   'chrome-trace-event': [ '1.0.3' ],
724 silly audit   'enhanced-resolve': [ '5.12.0' ],
724 silly audit   'es-module-lexer': [ '0.9.3' ],
724 silly audit   'eslint-scope': [ '5.1.1' ],
724 silly audit   events: [ '3.3.0' ],
724 silly audit   'glob-to-regexp': [ '0.4.1' ],
724 silly audit   'graceful-fs': [ '4.2.10' ],
724 silly audit   'json-parse-even-better-errors': [ '2.3.1' ],
724 silly audit   'loader-runner': [ '4.3.0' ],
724 silly audit   'mime-types': [ '2.1.35' ],
724 silly audit   'neo-async': [ '2.6.2' ],
724 silly audit   'schema-utils': [ '3.1.1' ],
724 silly audit   tapable: [ '2.2.1' ],
724 silly audit   'terser-webpack-plugin': [ '5.3.6' ],
724 silly audit   watchpack: [ '2.4.0' ],
724 silly audit   'webpack-sources': [ '3.2.3' ],
724 silly audit   '@types/eslint': [ '8.4.10' ],
724 silly audit   '@types/json-schema': [ '7.0.11' ],
724 silly audit   '@webassemblyjs/helper-numbers': [ '1.11.1' ],
724 silly audit   '@webassemblyjs/helper-wasm-bytecode': [ '1.11.1' ],
724 silly audit   '@webassemblyjs/floating-point-hex-parser': [ '1.11.1' ],
724 silly audit   '@webassemblyjs/helper-api-error': [ '1.11.1' ],
724 silly audit   '@xtuc/long': [ '4.2.2' ],
724 silly audit   '@webassemblyjs/helper-buffer': [ '1.11.1' ],
724 silly audit   '@webassemblyjs/helper-wasm-section': [ '1.11.1' ],
724 silly audit   '@webassemblyjs/wasm-gen': [ '1.11.1' ],
724 silly audit   '@webassemblyjs/wasm-opt': [ '1.11.1' ],
724 silly audit   '@webassemblyjs/wast-printer': [ '1.11.1' ],
724 silly audit   '@webassemblyjs/ieee754': [ '1.11.1' ],
724 silly audit   '@webassemblyjs/leb128': [ '1.11.1' ],
724 silly audit   '@webassemblyjs/utf8': [ '1.11.1' ],
724 silly audit   '@xtuc/ieee754': [ '1.2.0' ],
724 silly audit   esrecurse: [ '4.3.0' ],
724 silly audit   estraverse: [ '4.3.0', '5.3.0' ],
724 silly audit   'mime-db': [ '1.52.0' ],
724 silly audit   ajv: [ '6.12.6' ],
724 silly audit   'ajv-keywords': [ '3.5.2' ],
724 silly audit   'fast-deep-equal': [ '3.1.3' ],
724 silly audit   'fast-json-stable-stringify': [ '2.1.0' ],
724 silly audit   'json-schema-traverse': [ '0.4.1' ],
724 silly audit   'uri-js': [ '4.4.1' ],
724 silly audit   'jest-worker': [ '27.5.1' ],
724 silly audit   'serialize-javascript': [ '6.0.0' ],
724 silly audit   terser: [ '5.16.1' ],
724 silly audit   '@types/node': [ '18.11.18' ],
724 silly audit   'merge-stream': [ '2.0.0' ],
724 silly audit   randombytes: [ '2.1.0' ],
724 silly audit   'safe-buffer': [ '5.2.1' ],
724 silly audit   '@jridgewell/source-map': [ '0.3.2' ],
724 silly audit   commander: [ '2.20.3' ],
724 silly audit   'source-map-support': [ '0.5.21' ],
724 silly audit   'buffer-from': [ '1.1.2' ],
724 silly audit   'source-map': [ '0.6.1' ],
724 silly audit   punycode: [ '2.1.1' ],
724 silly audit   'escape-string-regexp': [ '1.0.5' ]
724 silly audit }
725 verbose reify failed optional dependency /home/artur/repos/vanilla/node_modules/@next/swc-win32-x64-msvc
726 silly reify mark deleted [ '/home/artur/repos/vanilla/node_modules/@next/swc-win32-x64-msvc' ]
727 verbose reify failed optional dependency /home/artur/repos/vanilla/node_modules/@next/swc-win32-ia32-msvc
728 silly reify mark deleted [ '/home/artur/repos/vanilla/node_modules/@next/swc-win32-ia32-msvc' ]
729 verbose reify failed optional dependency /home/artur/repos/vanilla/node_modules/@next/swc-win32-arm64-msvc
730 silly reify mark deleted [ '/home/artur/repos/vanilla/node_modules/@next/swc-win32-arm64-msvc' ]
731 verbose reify failed optional dependency /home/artur/repos/vanilla/node_modules/@next/swc-linux-arm64-musl
732 silly reify mark deleted [ '/home/artur/repos/vanilla/node_modules/@next/swc-linux-arm64-musl' ]
733 verbose reify failed optional dependency /home/artur/repos/vanilla/node_modules/@next/swc-linux-arm64-gnu
734 silly reify mark deleted [ '/home/artur/repos/vanilla/node_modules/@next/swc-linux-arm64-gnu' ]
735 verbose reify failed optional dependency /home/artur/repos/vanilla/node_modules/@next/swc-linux-arm-gnueabihf
736 silly reify mark deleted [
736 silly reify   '/home/artur/repos/vanilla/node_modules/@next/swc-linux-arm-gnueabihf'
736 silly reify ]
737 verbose reify failed optional dependency /home/artur/repos/vanilla/node_modules/@next/swc-freebsd-x64
738 silly reify mark deleted [ '/home/artur/repos/vanilla/node_modules/@next/swc-freebsd-x64' ]
739 verbose reify failed optional dependency /home/artur/repos/vanilla/node_modules/@next/swc-darwin-x64
740 silly reify mark deleted [ '/home/artur/repos/vanilla/node_modules/@next/swc-darwin-x64' ]
741 verbose reify failed optional dependency /home/artur/repos/vanilla/node_modules/@next/swc-darwin-arm64
742 silly reify mark deleted [ '/home/artur/repos/vanilla/node_modules/@next/swc-darwin-arm64' ]
743 verbose reify failed optional dependency /home/artur/repos/vanilla/node_modules/@next/swc-android-arm64
744 silly reify mark deleted [ '/home/artur/repos/vanilla/node_modules/@next/swc-android-arm64' ]
745 verbose reify failed optional dependency /home/artur/repos/vanilla/node_modules/@next/swc-android-arm-eabi
746 silly reify mark deleted [ '/home/artur/repos/vanilla/node_modules/@next/swc-android-arm-eabi' ]
747 timing reifyNode:node_modules/@next/swc-win32-x64-msvc Completed in 57ms
748 timing reifyNode:node_modules/@next/swc-win32-ia32-msvc Completed in 57ms
749 timing reifyNode:node_modules/@next/swc-win32-arm64-msvc Completed in 57ms
750 timing reifyNode:node_modules/@next/swc-linux-arm64-musl Completed in 56ms
751 timing reifyNode:node_modules/@next/swc-linux-arm64-gnu Completed in 56ms
752 timing reifyNode:node_modules/@next/swc-linux-arm-gnueabihf Completed in 56ms
753 timing reifyNode:node_modules/@next/swc-freebsd-x64 Completed in 56ms
754 timing reifyNode:node_modules/@next/swc-darwin-x64 Completed in 56ms
755 timing reifyNode:node_modules/@next/swc-darwin-arm64 Completed in 56ms
756 timing reifyNode:node_modules/@next/swc-android-arm64 Completed in 56ms
757 timing reifyNode:node_modules/@next/swc-android-arm-eabi Completed in 56ms
758 timing reifyNode:node_modules/client-only Completed in 1235ms
759 timing reifyNode:node_modules/escape-string-regexp Completed in 1244ms
760 timing reifyNode:node_modules/buffer-from Completed in 1244ms
761 timing reifyNode:node_modules/merge-stream Completed in 1244ms
762 timing reifyNode:node_modules/@types/eslint-scope Completed in 1244ms
763 timing reifyNode:node_modules/ms Completed in 1244ms
764 timing reifyNode:node_modules/to-fast-properties Completed in 1244ms
765 timing reifyNode:node_modules/convert-source-map Completed in 1246ms
766 timing reifyNode:node_modules/@babel/highlight/node_modules/has-flag Completed in 1248ms
767 timing reifyNode:node_modules/@babel/highlight/node_modules/ansi-styles Completed in 1248ms
768 timing reifyNode:node_modules/serialize-javascript Completed in 1256ms
769 timing reifyNode:node_modules/json-parse-even-better-errors Completed in 1256ms
770 timing reifyNode:node_modules/yocto-queue Completed in 1256ms
771 timing reifyNode:node_modules/p-limit Completed in 1256ms
772 timing reifyNode:node_modules/path-exists Completed in 1256ms
773 timing reifyNode:node_modules/p-locate Completed in 1256ms
774 timing reifyNode:node_modules/@babel/helper-hoist-variables Completed in 1255ms
775 timing reifyNode:node_modules/@babel/helper-split-export-declaration Completed in 1256ms
776 timing reifyNode:node_modules/@babel/helper-environment-visitor Completed in 1256ms
777 timing reifyNode:node_modules/lru-cache Completed in 1256ms
778 timing reifyNode:node_modules/@babel/highlight Completed in 1257ms
779 timing reifyNode:node_modules/locate-path Completed in 1258ms
780 timing reifyNode:node_modules/find-up Completed in 1256ms
781 timing reifyNode:node_modules/eval Completed in 1256ms
782 timing reifyNode:node_modules/@babel/code-frame Completed in 1256ms
783 timing reifyNode:node_modules/@babel/highlight/node_modules/supports-color Completed in 1261ms
784 timing reifyNode:node_modules/jest-worker/node_modules/supports-color Completed in 1266ms
785 timing reifyNode:node_modules/esrecurse Completed in 1268ms
786 timing reifyNode:node_modules/@webassemblyjs/helper-api-error Completed in 1268ms
787 timing reifyNode:node_modules/@types/json-schema Completed in 1268ms
788 timing reifyNode:node_modules/glob-to-regexp Completed in 1270ms
789 timing reifyNode:node_modules/yallist Completed in 1269ms
790 timing reifyNode:node_modules/@next/env Completed in 1270ms
791 timing reifyNode:node_modules/js-tokens Completed in 1270ms
792 timing reifyNode:node_modules/@babel/helper-plugin-utils Completed in 1270ms
793 timing reifyNode:node_modules/@babel/helper-simple-access Completed in 1270ms
794 timing reifyNode:node_modules/@babel/plugin-syntax-typescript Completed in 1269ms
795 timing reifyNode:node_modules/@xtuc/ieee754 Completed in 1277ms
796 timing reifyNode:node_modules/@webassemblyjs/floating-point-hex-parser Completed in 1277ms
797 timing reifyNode:node_modules/mime-types Completed in 1277ms
798 timing reifyNode:node_modules/loader-runner Completed in 1278ms
799 timing reifyNode:node_modules/@types/estree Completed in 1277ms
800 timing reifyNode:node_modules/picocolors Completed in 1277ms
801 timing reifyNode:node_modules/globals Completed in 1276ms
802 timing reifyNode:node_modules/@babel/helper-validator-option Completed in 1277ms
803 timing reifyNode:node_modules/@babel/highlight/node_modules/color-name Completed in 1278ms
804 timing reifyNode:node_modules/punycode Completed in 1286ms
805 timing reifyNode:node_modules/randombytes Completed in 1286ms
806 timing reifyNode:node_modules/safe-buffer Completed in 1287ms
807 timing reifyNode:node_modules/@webassemblyjs/ieee754 Completed in 1286ms
808 timing reifyNode:node_modules/@webassemblyjs/wasm-opt Completed in 1286ms
809 timing reifyNode:node_modules/@webassemblyjs/helper-buffer Completed in 1287ms
810 timing reifyNode:node_modules/@webassemblyjs/helper-numbers Completed in 1286ms
811 timing reifyNode:node_modules/graceful-fs Completed in 1287ms
812 timing reifyNode:node_modules/loose-envify Completed in 1286ms
813 timing reifyNode:node_modules/update-browserslist-db Completed in 1286ms
814 timing reifyNode:node_modules/@babel/helper-string-parser Completed in 1285ms
815 timing reifyNode:node_modules/@babel/helper-function-name Completed in 1285ms
816 timing reifyNode:node_modules/@vanilla-extract/next-plugin Completed in 1285ms
817 timing reifyNode:node_modules/acorn-import-assertions Completed in 1291ms
818 timing reifyNode:node_modules/emojis-list Completed in 1291ms
819 timing reifyNode:node_modules/debug Completed in 1290ms
820 timing reifyNode:node_modules/@babel/highlight/node_modules/color-convert Completed in 1291ms
821 timing reifyNode:node_modules/estraverse Completed in 1297ms
822 timing reifyNode:node_modules/@webassemblyjs/wast-printer Completed in 1301ms
823 timing reifyNode:node_modules/chrome-trace-event Completed in 1301ms
824 timing reifyNode:node_modules/@webassemblyjs/wasm-edit Completed in 1300ms
825 timing reifyNode:node_modules/@babel/helper-module-imports Completed in 1299ms
826 timing reifyNode:node_modules/@vanilla-extract/integration Completed in 1299ms
827 timing reifyNode:node_modules/esrecurse/node_modules/estraverse Completed in 1305ms
828 timing reifyNode:node_modules/@babel/highlight/node_modules/chalk Completed in 1301ms
829 timing reifyNode:node_modules/escalade Completed in 1306ms
830 timing reifyNode:node_modules/gensync Completed in 1305ms
831 timing reifyNode:node_modules/commander Completed in 1313ms
832 timing reifyNode:node_modules/@webassemblyjs/helper-wasm-bytecode Completed in 1312ms
833 timing reifyNode:node_modules/big.js Completed in 1311ms
834 timing reifyNode:node_modules/node-releases Completed in 1311ms
835 timing reifyNode:node_modules/@jridgewell/set-array Completed in 1311ms
836 timing reifyNode:node_modules/esbuild Completed in 1309ms
837 timing reifyNode:node_modules/jsesc Completed in 1312ms
838 timing reifyNode:node_modules/json-schema-traverse Completed in 1317ms
839 timing reifyNode:node_modules/semver Completed in 1315ms
840 timing reifyNode:node_modules/source-map-support Completed in 1322ms
841 timing reifyNode:node_modules/fast-deep-equal Completed in 1322ms
842 timing reifyNode:node_modules/@webassemblyjs/helper-wasm-section Completed in 1322ms
843 timing reifyNode:node_modules/@jridgewell/resolve-uri Completed in 1319ms
844 timing reifyNode:node_modules/@vanilla-extract/babel-plugin-debug-ids Completed in 1319ms
845 timing reifyNode:node_modules/@webassemblyjs/leb128 Completed in 1325ms
846 timing reifyNode:node_modules/browserslist Completed in 1321ms
847 timing reifyNode:node_modules/@webassemblyjs/wasm-gen Completed in 1328ms
848 timing reifyNode:node_modules/watchpack Completed in 1327ms
849 timing reifyNode:node_modules/es-module-lexer Completed in 1328ms
850 timing reifyNode:node_modules/@jridgewell/sourcemap-codec Completed in 1326ms
851 timing reifyNode:node_modules/@babel/helper-validator-identifier Completed in 1326ms
852 timing reifyNode:node_modules/require-like Completed in 1330ms
853 timing reifyNode:node_modules/@webassemblyjs/utf8 Completed in 1335ms
854 timing reifyNode:node_modules/@jridgewell/gen-mapping Completed in 1331ms
855 timing reifyNode:node_modules/terser-webpack-plugin Completed in 1337ms
856 timing reifyNode:node_modules/tslib Completed in 1337ms
857 timing reifyNode:node_modules/mime-db Completed in 1341ms
858 timing reifyNode:node_modules/@babel/compat-data Completed in 1338ms
859 timing reifyNode:node_modules/@ampproject/remapping Completed in 1337ms
860 timing reifyNode:node_modules/fast-json-stable-stringify Completed in 1346ms
861 timing reifyNode:node_modules/@webassemblyjs/wasm-parser Completed in 1345ms
862 timing reifyNode:node_modules/eslint-scope Completed in 1348ms
863 timing reifyNode:node_modules/@xtuc/long Completed in 1352ms
864 timing reifyNode:node_modules/@babel/helper-compilation-targets Completed in 1348ms
865 timing reifyNode:node_modules/loader-utils Completed in 1351ms
866 timing reifyNode:node_modules/@jridgewell/source-map Completed in 1358ms
867 timing reifyNode:node_modules/tapable Completed in 1359ms
868 timing reifyNode:node_modules/electron-to-chromium Completed in 1356ms
869 timing reifyNode:node_modules/@types/eslint Completed in 1361ms
870 timing reifyNode:node_modules/@babel/helper-module-transforms Completed in 1358ms
871 timing reifyNode:node_modules/@jridgewell/source-map/node_modules/@jridgewell/gen-mapping Completed in 1364ms
872 timing reifyNode:node_modules/@babel/generator/node_modules/@jridgewell/gen-mapping Completed in 1359ms
873 timing reifyNode:node_modules/@babel/template Completed in 1361ms
874 timing reifyNode:node_modules/scheduler Completed in 1366ms
875 timing reifyNode:node_modules/source-map-js Completed in 1366ms
876 timing reifyNode:node_modules/javascript-stringify Completed in 1368ms
877 timing reifyNode:node_modules/nanoid Completed in 1373ms
878 timing reifyNode:node_modules/@jridgewell/trace-mapping Completed in 1371ms
879 http fetch POST 200 https://registry.npmjs.org/-/npm/v1/security/advisories/bulk 1382ms
880 timing auditReport:getReport Completed in 1387ms
881 silly audit report {}
882 timing auditReport:init Completed in 0ms
883 timing reify:audit Completed in 1387ms
884 timing reifyNode:node_modules/schema-utils Completed in 1380ms
885 timing reifyNode:node_modules/webpack-sources Completed in 1384ms
886 timing reifyNode:node_modules/jest-worker Completed in 1392ms
887 timing reifyNode:node_modules/events Completed in 1391ms
888 timing reifyNode:node_modules/@vanilla-extract/webpack-plugin Completed in 1389ms
889 timing reifyNode:node_modules/ajv-keywords Completed in 1395ms
890 timing reifyNode:node_modules/acorn Completed in 1393ms
891 timing reifyNode:node_modules/json5 Completed in 1391ms
892 timing reifyNode:node_modules/react Completed in 1390ms
893 timing reifyNode:node_modules/enhanced-resolve Completed in 1429ms
894 timing reifyNode:node_modules/postcss Completed in 1433ms
895 timing reifyNode:node_modules/source-map Completed in 1437ms
896 timing reifyNode:node_modules/@webassemblyjs/ast Completed in 1435ms
897 timing reifyNode:node_modules/@babel/helpers Completed in 1434ms
898 timing reifyNode:node_modules/uri-js Completed in 1448ms
899 timing reifyNode:node_modules/@babel/generator Completed in 1447ms
900 timing reifyNode:node_modules/styled-jsx Completed in 1454ms
901 timing reifyNode:node_modules/@babel/traverse Completed in 1482ms
902 timing reifyNode:node_modules/@babel/parser Completed in 1482ms
903 timing reifyNode:node_modules/neo-async Completed in 1491ms
904 timing reifyNode:node_modules/ajv Completed in 1523ms
905 timing reifyNode:node_modules/terser Completed in 1533ms
906 timing reifyNode:node_modules/@swc/helpers Completed in 1536ms
907 timing reifyNode:node_modules/@babel/core Completed in 1540ms
908 timing reifyNode:node_modules/react-dom Completed in 1575ms
909 timing reifyNode:node_modules/@types/node Completed in 1607ms
910 timing reifyNode:node_modules/@babel/types Completed in 1603ms
911 timing reifyNode:node_modules/caniuse-lite Completed in 1787ms
912 timing reifyNode:node_modules/webpack Completed in 1810ms
913 timing reifyNode:node_modules/lodash Completed in 1813ms
914 timing reifyNode:node_modules/@next/swc-linux-x64-musl Completed in 2316ms
915 timing reifyNode:node_modules/@next/swc-linux-x64-gnu Completed in 2319ms
916 timing reifyNode:node_modules/next Completed in 2518ms
917 timing reify:unpack Completed in 2527ms
918 timing reify:unretire Completed in 0ms
919 timing build:queue Completed in 3ms
920 timing build:link:node_modules/@babel/parser Completed in 2ms
921 timing build:link:node_modules/acorn Completed in 2ms
922 timing build:link:node_modules/browserslist Completed in 2ms
923 timing build:link:node_modules/esbuild Completed in 2ms
924 timing build:link:node_modules/jsesc Completed in 2ms
925 timing build:link:node_modules/json5 Completed in 2ms
926 timing build:link:node_modules/loose-envify Completed in 2ms
927 timing build:link:node_modules/nanoid Completed in 1ms
928 timing build:link:node_modules/next Completed in 1ms
929 timing build:link:node_modules/semver Completed in 1ms
930 timing build:link:node_modules/terser Completed in 1ms
931 timing build:link:node_modules/update-browserslist-db Completed in 1ms
932 timing build:link:node_modules/webpack Completed in 1ms
933 timing build:link Completed in 2ms
934 info run esbuild@0.11.23 postinstall node_modules/esbuild node install.js
935 info run esbuild@0.11.23 postinstall { code: 1, signal: null }
936 timing reify:rollback:createSparse Completed in 133ms
937 timing reify:rollback:retireShallow Completed in 0ms
938 timing command:install Completed in 4365ms
939 verbose stack Error: command failed
939 verbose stack     at ChildProcess.<anonymous> (/usr/local/lib/node_modules/npm/node_modules/@npmcli/promise-spawn/lib/index.js:53:27)
939 verbose stack     at ChildProcess.emit (node:events:513:28)
939 verbose stack     at maybeClose (node:internal/child_process:1091:16)
939 verbose stack     at Socket.<anonymous> (node:internal/child_process:449:11)
939 verbose stack     at Socket.emit (node:events:513:28)
939 verbose stack     at Pipe.<anonymous> (node:net:313:12)
940 verbose pkgid esbuild@0.11.23
941 verbose cwd /home/artur/repos/vanilla
942 verbose Linux 5.15.0-56-generic
943 verbose node v18.12.1
944 verbose npm  v9.1.3
945 error code 1
946 error path /home/artur/repos/vanilla/node_modules/esbuild
947 error command failed
948 error command sh -c node install.js
949 verbose exit 1
950 timing npm Completed in 4398ms
951 verbose unfinished npm timer reify 1672404562402
952 verbose unfinished npm timer reify:build 1672404565995
953 verbose unfinished npm timer build 1672404565996
954 verbose unfinished npm timer build:deps 1672404565996
955 verbose unfinished npm timer build:run:postinstall 1672404566002
956 verbose unfinished npm timer build:run:postinstall:node_modules/esbuild 1672404566002
957 verbose code 1
958 error A complete log of this run can be found in:
958 error     /home/artur/.npm/_logs/2022-12-30T12_49_22_369Z-debug-0.log
